{"D:\\VS Code project\\TYPESCRIPT\\shop-typescript\\app.ts": {"path":"D:\\VS Code project\\TYPESCRIPT\\shop-typescript\\app.ts","statementMap":{"0":{"start":{"line":1,"column":0},"end":{"line":1,"column":30}},"1":{"start":{"line":2,"column":0},"end":{"line":2,"column":24}},"2":{"start":{"line":3,"column":0},"end":{"line":3,"column":43}},"3":{"start":{"line":4,"column":0},"end":{"line":4,"column":41}},"4":{"start":{"line":5,"column":0},"end":{"line":5,"column":39}},"5":{"start":{"line":6,"column":0},"end":{"line":6,"column":58}},"6":{"start":{"line":8,"column":13},"end":{"line":8,"column":29}},"7":{"start":{"line":9,"column":0},"end":{"line":9,"column":16}},"8":{"start":{"line":10,"column":0},"end":{"line":10,"column":24}},"9":{"start":{"line":11,"column":0},"end":{"line":11,"column":32}},"10":{"start":{"line":12,"column":0},"end":{"line":12,"column":48}},"11":{"start":{"line":13,"column":0},"end":{"line":13,"column":20}},"12":{"start":{"line":14,"column":0},"end":{"line":14,"column":28}},"13":{"start":{"line":15,"column":0},"end":{"line":15,"column":72}},"14":{"start":{"line":16,"column":0},"end":{"line":18,"column":3}},"15":{"start":{"line":17,"column":2},"end":{"line":17,"column":54}}},"fnMap":{"0":{"name":"(anonymous_7)","decl":{"start":{"line":16,"column":13},"end":{"line":16,"column":14}},"loc":{"start":{"line":16,"column":31},"end":{"line":18,"column":1}}}},"branchMap":{},"s":{"0":1,"1":1,"2":1,"3":1,"4":1,"5":1,"6":1,"7":1,"8":1,"9":1,"10":1,"11":1,"12":1,"13":1,"14":1,"15":1},"f":{"0":1},"b":{}}
,"D:\\VS Code project\\TYPESCRIPT\\shop-typescript\\configs.ts": {"path":"D:\\VS Code project\\TYPESCRIPT\\shop-typescript\\configs.ts","statementMap":{"0":{"start":{"line":1,"column":13},"end":{"line":1,"column":42}},"1":{"start":{"line":2,"column":13},"end":{"line":2,"column":36}}},"fnMap":{},"branchMap":{},"s":{"0":1,"1":1},"f":{},"b":{}}
,"D:\\VS Code project\\TYPESCRIPT\\shop-typescript\\db.ts": {"path":"D:\\VS Code project\\TYPESCRIPT\\shop-typescript\\db.ts","statementMap":{"0":{"start":{"line":1,"column":0},"end":{"line":1,"column":28}},"1":{"start":{"line":2,"column":0},"end":{"line":2,"column":32}},"2":{"start":{"line":4,"column":0},"end":{"line":4,"column":16}},"3":{"start":{"line":6,"column":20},"end":{"line":6,"column":176}},"4":{"start":{"line":8,"column":16},"end":{"line":8,"column":67}},"5":{"start":{"line":9,"column":0},"end":{"line":9,"column":40}},"6":{"start":{"line":11,"column":25},"end":{"line":17,"column":1}},"7":{"start":{"line":12,"column":2},"end":{"line":16,"column":5}},"8":{"start":{"line":13,"column":4},"end":{"line":13,"column":40}},"9":{"start":{"line":15,"column":4},"end":{"line":15,"column":14}},"10":{"start":{"line":11,"column":13},"end":{"line":11,"column":25}}},"fnMap":{"0":{"name":"(anonymous_1)","decl":{"start":{"line":11,"column":25},"end":{"line":11,"column":null}},"loc":{"start":{"line":11,"column":25},"end":{"line":17,"column":1}}},"1":{"name":"(anonymous_2)","decl":{"start":{"line":12,"column":38},"end":{"line":12,"column":39}},"loc":{"start":{"line":12,"column":42},"end":{"line":14,"column":3}}},"2":{"name":"(anonymous_3)","decl":{"start":{"line":14,"column":11},"end":{"line":14,"column":12}},"loc":{"start":{"line":14,"column":15},"end":{"line":16,"column":3}}}},"branchMap":{},"s":{"0":0,"1":0,"2":0,"3":0,"4":0,"5":0,"6":0,"7":0,"8":0,"9":0,"10":0},"f":{"0":0,"1":0,"2":0},"b":{}}
,"D:\\VS Code project\\TYPESCRIPT\\shop-typescript\\index.ts": {"path":"D:\\VS Code project\\TYPESCRIPT\\shop-typescript\\index.ts","statementMap":{"0":{"start":{"line":1,"column":0},"end":{"line":1,"column":28}},"1":{"start":{"line":2,"column":0},"end":{"line":2,"column":28}},"2":{"start":{"line":3,"column":0},"end":{"line":3,"column":28}},"3":{"start":{"line":4,"column":0},"end":{"line":4,"column":33}},"4":{"start":{"line":6,"column":0},"end":{"line":6,"column":16}},"5":{"start":{"line":7,"column":0},"end":{"line":7,"column":12}},"6":{"start":{"line":9,"column":15},"end":{"line":9,"column":33}},"7":{"start":{"line":10,"column":0},"end":{"line":10,"column":47}},"8":{"start":{"line":12,"column":0},"end":{"line":12,"column":31}},"9":{"start":{"line":13,"column":0},"end":{"line":13,"column":33}},"10":{"start":{"line":14,"column":0},"end":{"line":14,"column":33}},"11":{"start":{"line":15,"column":29},"end":{"line":15,"column":53}},"12":{"start":{"line":17,"column":0},"end":{"line":19,"column":3}},"13":{"start":{"line":18,"column":2},"end":{"line":18,"column":46}}},"fnMap":{"0":{"name":"(anonymous_1)","decl":{"start":{"line":17,"column":17},"end":{"line":17,"column":null}},"loc":{"start":{"line":17,"column":17},"end":{"line":19,"column":1}}}},"branchMap":{"0":{"loc":{"start":{"line":15,"column":29},"end":{"line":15,"column":45}},"type":"binary-expr","locations":[{"start":{"line":15,"column":29},"end":{"line":15,"column":45}},{"start":{"line":15,"column":49},"end":{"line":15,"column":53}}]}},"s":{"0":0,"1":0,"2":0,"3":0,"4":0,"5":0,"6":0,"7":0,"8":0,"9":0,"10":0,"11":0,"12":0,"13":0},"f":{"0":0},"b":{"0":[0,0]}}
,"D:\\VS Code project\\TYPESCRIPT\\shop-typescript\\controllers\\user.ts": {"path":"D:\\VS Code project\\TYPESCRIPT\\shop-typescript\\controllers\\user.ts","statementMap":{"0":{"start":{"line":2,"column":0},"end":{"line":2,"column":28}},"1":{"start":{"line":3,"column":0},"end":{"line":3,"column":28}},"2":{"start":{"line":4,"column":0},"end":{"line":4,"column":31}},"3":{"start":{"line":5,"column":0},"end":{"line":5,"column":34}},"4":{"start":{"line":8,"column":0},"end":{"line":8,"column":16}},"5":{"start":{"line":10,"column":43},"end":{"line":10,"column":54}},"6":{"start":{"line":10,"column":12},"end":{"line":10,"column":14}},"7":{"start":{"line":10,"column":22},"end":{"line":10,"column":24}},"8":{"start":{"line":10,"column":38},"end":{"line":10,"column":43}},"9":{"start":{"line":12,"column":24},"end":{"line":29,"column":2}},"10":{"start":{"line":12,"column":58},"end":{"line":29,"column":2}},"11":{"start":{"line":13,"column":8},"end":{"line":14,"column":null}},"12":{"start":{"line":16,"column":2},"end":{"line":18,"column":null}},"13":{"start":{"line":17,"column":4},"end":{"line":17,"column":60}},"14":{"start":{"line":19,"column":21},"end":{"line":19,"column":null}},"15":{"start":{"line":19,"column":8},"end":{"line":19,"column":null}},"16":{"start":{"line":21,"column":2},"end":{"line":23,"column":null}},"17":{"start":{"line":22,"column":4},"end":{"line":22,"column":60}},"18":{"start":{"line":24,"column":2},"end":{"line":26,"column":12}},"19":{"start":{"line":28,"column":2},"end":{"line":28,"column":68}},"20":{"start":{"line":12,"column":13},"end":{"line":12,"column":24}},"21":{"start":{"line":31,"column":21},"end":{"line":50,"column":2}},"22":{"start":{"line":31,"column":54},"end":{"line":50,"column":2}},"23":{"start":{"line":32,"column":8},"end":{"line":33,"column":null}},"24":{"start":{"line":35,"column":28},"end":{"line":35,"column":null}},"25":{"start":{"line":35,"column":8},"end":{"line":35,"column":null}},"26":{"start":{"line":36,"column":2},"end":{"line":38,"column":null}},"27":{"start":{"line":37,"column":4},"end":{"line":37,"column":56}},"28":{"start":{"line":39,"column":8},"end":{"line":41,"column":5}},"29":{"start":{"line":43,"column":2},"end":{"line":45,"column":5}},"30":{"start":{"line":46,"column":2},"end":{"line":46,"column":52}},"31":{"start":{"line":47,"column":2},"end":{"line":49,"column":5}},"32":{"start":{"line":31,"column":13},"end":{"line":31,"column":21}},"33":{"start":{"line":52,"column":26},"end":{"line":86,"column":2}},"34":{"start":{"line":52,"column":58},"end":{"line":86,"column":2}},"35":{"start":{"line":53,"column":10},"end":{"line":53,"column":17}},"36":{"start":{"line":54,"column":8},"end":{"line":62,"column":null}},"37":{"start":{"line":65,"column":21},"end":{"line":65,"column":null}},"38":{"start":{"line":65,"column":8},"end":{"line":65,"column":null}},"39":{"start":{"line":66,"column":2},"end":{"line":68,"column":null}},"40":{"start":{"line":67,"column":4},"end":{"line":67,"column":56}},"41":{"start":{"line":70,"column":29},"end":{"line":81,"column":null}},"42":{"start":{"line":70,"column":8},"end":{"line":81,"column":null}},"43":{"start":{"line":83,"column":2},"end":{"line":85,"column":null}},"44":{"start":{"line":84,"column":4},"end":{"line":84,"column":78}},"45":{"start":{"line":52,"column":13},"end":{"line":52,"column":26}},"46":{"start":{"line":88,"column":26},"end":{"line":98,"column":2}},"47":{"start":{"line":88,"column":58},"end":{"line":98,"column":2}},"48":{"start":{"line":90,"column":4},"end":{"line":90,"column":null}},"49":{"start":{"line":93,"column":15},"end":{"line":93,"column":null}},"50":{"start":{"line":93,"column":8},"end":{"line":93,"column":null}},"51":{"start":{"line":94,"column":2},"end":{"line":96,"column":null}},"52":{"start":{"line":95,"column":4},"end":{"line":95,"column":56}},"53":{"start":{"line":97,"column":2},"end":{"line":97,"column":65}},"54":{"start":{"line":88,"column":13},"end":{"line":88,"column":26}}},"fnMap":{"0":{"name":"(anonymous_14)","decl":{"start":{"line":12,"column":24},"end":{"line":12,"column":31}},"loc":{"start":{"line":12,"column":58},"end":{"line":29,"column":2}}},"1":{"name":"(anonymous_15)","decl":{"start":{"line":12,"column":58},"end":{"line":12,"column":null}},"loc":{"start":{"line":12,"column":58},"end":{"line":29,"column":2}}},"2":{"name":"(anonymous_17)","decl":{"start":{"line":31,"column":21},"end":{"line":31,"column":28}},"loc":{"start":{"line":31,"column":54},"end":{"line":50,"column":2}}},"3":{"name":"(anonymous_18)","decl":{"start":{"line":31,"column":54},"end":{"line":31,"column":null}},"loc":{"start":{"line":31,"column":54},"end":{"line":50,"column":2}}},"4":{"name":"(anonymous_20)","decl":{"start":{"line":52,"column":26},"end":{"line":52,"column":33}},"loc":{"start":{"line":52,"column":58},"end":{"line":86,"column":2}}},"5":{"name":"(anonymous_21)","decl":{"start":{"line":52,"column":58},"end":{"line":52,"column":null}},"loc":{"start":{"line":52,"column":58},"end":{"line":86,"column":2}}},"6":{"name":"(anonymous_23)","decl":{"start":{"line":88,"column":26},"end":{"line":88,"column":33}},"loc":{"start":{"line":88,"column":58},"end":{"line":98,"column":2}}},"7":{"name":"(anonymous_24)","decl":{"start":{"line":88,"column":58},"end":{"line":88,"column":null}},"loc":{"start":{"line":88,"column":58},"end":{"line":98,"column":2}}}},"branchMap":{"0":{"loc":{"start":{"line":16,"column":2},"end":{"line":18,"column":null}},"type":"if","locations":[{"start":{"line":16,"column":2},"end":{"line":18,"column":null}},{"start":{"line":16,"column":2},"end":{"line":18,"column":null}}]},"1":{"loc":{"start":{"line":16,"column":6},"end":{"line":16,"column":16}},"type":"binary-expr","locations":[{"start":{"line":16,"column":6},"end":{"line":16,"column":16}},{"start":{"line":16,"column":20},"end":{"line":16,"column":29}},{"start":{"line":16,"column":33},"end":{"line":16,"column":39}},{"start":{"line":16,"column":43},"end":{"line":16,"column":52}}]},"2":{"loc":{"start":{"line":21,"column":2},"end":{"line":23,"column":null}},"type":"if","locations":[{"start":{"line":21,"column":2},"end":{"line":23,"column":null}},{"start":{"line":21,"column":2},"end":{"line":23,"column":null}}]},"3":{"loc":{"start":{"line":36,"column":2},"end":{"line":38,"column":null}},"type":"if","locations":[{"start":{"line":36,"column":2},"end":{"line":38,"column":null}},{"start":{"line":36,"column":2},"end":{"line":38,"column":null}}]},"4":{"loc":{"start":{"line":66,"column":2},"end":{"line":68,"column":null}},"type":"if","locations":[{"start":{"line":66,"column":2},"end":{"line":68,"column":null}},{"start":{"line":66,"column":2},"end":{"line":68,"column":null}}]},"5":{"loc":{"start":{"line":83,"column":2},"end":{"line":85,"column":null}},"type":"if","locations":[{"start":{"line":83,"column":2},"end":{"line":85,"column":null}},{"start":{"line":83,"column":2},"end":{"line":85,"column":null}}]},"6":{"loc":{"start":{"line":94,"column":2},"end":{"line":96,"column":null}},"type":"if","locations":[{"start":{"line":94,"column":2},"end":{"line":96,"column":null}},{"start":{"line":94,"column":2},"end":{"line":96,"column":null}}]}},"s":{"0":1,"1":1,"2":1,"3":1,"4":1,"5":1,"6":1,"7":1,"8":1,"9":1,"10":0,"11":0,"12":0,"13":0,"14":0,"15":0,"16":0,"17":0,"18":0,"19":0,"20":1,"21":1,"22":1,"23":1,"24":1,"25":0,"26":0,"27":0,"28":0,"29":0,"30":0,"31":0,"32":1,"33":1,"34":0,"35":0,"36":0,"37":0,"38":0,"39":0,"40":0,"41":0,"42":0,"43":0,"44":0,"45":1,"46":1,"47":0,"48":0,"49":0,"50":0,"51":0,"52":0,"53":0,"54":1},"f":{"0":0,"1":0,"2":1,"3":1,"4":0,"5":0,"6":0,"7":0},"b":{"0":[0,0],"1":[0,0,0,0],"2":[0,0],"3":[0,0],"4":[0,0],"5":[0,0],"6":[0,0]}}
,"D:\\VS Code project\\TYPESCRIPT\\shop-typescript\\dist\\app.d.ts": {"path":"D:\\VS Code project\\TYPESCRIPT\\shop-typescript\\dist\\app.d.ts","statementMap":{},"fnMap":{},"branchMap":{},"s":{},"f":{},"b":{},"inputSourceMap":null}
,"D:\\VS Code project\\TYPESCRIPT\\shop-typescript\\dist\\configs.d.ts": {"path":"D:\\VS Code project\\TYPESCRIPT\\shop-typescript\\dist\\configs.d.ts","statementMap":{},"fnMap":{},"branchMap":{},"s":{},"f":{},"b":{},"inputSourceMap":null}
,"D:\\VS Code project\\TYPESCRIPT\\shop-typescript\\dist\\db.d.ts": {"path":"D:\\VS Code project\\TYPESCRIPT\\shop-typescript\\dist\\db.d.ts","statementMap":{},"fnMap":{},"branchMap":{},"s":{},"f":{},"b":{},"inputSourceMap":null}
,"D:\\VS Code project\\TYPESCRIPT\\shop-typescript\\dist\\index.d.ts": {"path":"D:\\VS Code project\\TYPESCRIPT\\shop-typescript\\dist\\index.d.ts","statementMap":{},"fnMap":{},"branchMap":{},"s":{},"f":{},"b":{},"inputSourceMap":null}
,"D:\\VS Code project\\TYPESCRIPT\\shop-typescript\\dist\\controllers\\user.controller.test.d.ts": {"path":"D:\\VS Code project\\TYPESCRIPT\\shop-typescript\\dist\\controllers\\user.controller.test.d.ts","statementMap":{},"fnMap":{},"branchMap":{},"s":{},"f":{},"b":{},"inputSourceMap":null}
,"D:\\VS Code project\\TYPESCRIPT\\shop-typescript\\dist\\controllers\\user.d.ts": {"path":"D:\\VS Code project\\TYPESCRIPT\\shop-typescript\\dist\\controllers\\user.d.ts","statementMap":{},"fnMap":{},"branchMap":{},"s":{},"f":{},"b":{},"inputSourceMap":null}
,"D:\\VS Code project\\TYPESCRIPT\\shop-typescript\\dist\\handlers\\error.d.ts": {"path":"D:\\VS Code project\\TYPESCRIPT\\shop-typescript\\dist\\handlers\\error.d.ts","statementMap":{},"fnMap":{},"branchMap":{},"s":{},"f":{},"b":{},"inputSourceMap":null}
,"D:\\VS Code project\\TYPESCRIPT\\shop-typescript\\dist\\moddlewares\\authorization.d.ts": {"path":"D:\\VS Code project\\TYPESCRIPT\\shop-typescript\\dist\\moddlewares\\authorization.d.ts","statementMap":{},"fnMap":{},"branchMap":{},"s":{},"f":{},"b":{},"inputSourceMap":null}
,"D:\\VS Code project\\TYPESCRIPT\\shop-typescript\\dist\\models\\User.d.ts": {"path":"D:\\VS Code project\\TYPESCRIPT\\shop-typescript\\dist\\models\\User.d.ts","statementMap":{},"fnMap":{},"branchMap":{},"s":{},"f":{},"b":{},"inputSourceMap":null}
,"D:\\VS Code project\\TYPESCRIPT\\shop-typescript\\dist\\routes\\user.d.ts": {"path":"D:\\VS Code project\\TYPESCRIPT\\shop-typescript\\dist\\routes\\user.d.ts","statementMap":{},"fnMap":{},"branchMap":{},"s":{},"f":{},"b":{},"inputSourceMap":null}
,"D:\\VS Code project\\TYPESCRIPT\\shop-typescript\\dist\\types\\user.d.ts": {"path":"D:\\VS Code project\\TYPESCRIPT\\shop-typescript\\dist\\types\\user.d.ts","statementMap":{},"fnMap":{},"branchMap":{},"s":{},"f":{},"b":{},"inputSourceMap":null}
,"D:\\VS Code project\\TYPESCRIPT\\shop-typescript\\handlers\\error.ts": {"path":"D:\\VS Code project\\TYPESCRIPT\\shop-typescript\\handlers\\error.ts","statementMap":{"0":{"start":{"line":2,"column":0},"end":{"line":2,"column":28}},"1":{"start":{"line":4,"column":15},"end":{"line":4,"column":33}},"2":{"start":{"line":5,"column":0},"end":{"line":5,"column":47}},"3":{"start":{"line":7,"column":27},"end":{"line":7,"column":46}},"4":{"start":{"line":7,"column":45},"end":{"line":13,"column":3}},"5":{"start":{"line":7,"column":94},"end":{"line":13,"column":3}},"6":{"start":{"line":8,"column":2},"end":{"line":11,"column":null}},"7":{"start":{"line":9,"column":4},"end":{"line":9,"column":24}},"8":{"start":{"line":10,"column":4},"end":{"line":10,"column":45}},"9":{"start":{"line":12,"column":2},"end":{"line":12,"column":14}},"10":{"start":{"line":7,"column":13},"end":{"line":7,"column":27}},"11":{"start":{"line":15,"column":24},"end":{"line":17,"column":1}},"12":{"start":{"line":16,"column":2},"end":{"line":16,"column":55}},"13":{"start":{"line":15,"column":13},"end":{"line":15,"column":24}},"14":{"start":{"line":19,"column":29},"end":{"line":29,"column":1}},"15":{"start":{"line":20,"column":2},"end":{"line":20,"column":36}},"16":{"start":{"line":20,"column":19},"end":{"line":20,"column":36}},"17":{"start":{"line":21,"column":20},"end":{"line":21,"column":43}},"18":{"start":{"line":22,"column":16},"end":{"line":22,"column":18}},"19":{"start":{"line":23,"column":2},"end":{"line":25,"column":5}},"20":{"start":{"line":24,"column":4},"end":{"line":24,"column":44}},"21":{"start":{"line":26,"column":2},"end":{"line":26,"column":50}},"22":{"start":{"line":27,"column":2},"end":{"line":27,"column":24}},"23":{"start":{"line":28,"column":2},"end":{"line":28,"column":36}},"24":{"start":{"line":19,"column":13},"end":{"line":19,"column":29}}},"fnMap":{"0":{"name":"(anonymous_1)","decl":{"start":{"line":7,"column":27},"end":{"line":7,"column":28}},"loc":{"start":{"line":7,"column":40},"end":{"line":7,"column":46}}},"1":{"name":"(anonymous_2)","decl":{"start":{"line":7,"column":45},"end":{"line":7,"column":46}},"loc":{"start":{"line":7,"column":89},"end":{"line":7,"column":96}}},"2":{"name":"(anonymous_3)","decl":{"start":{"line":7,"column":119},"end":{"line":7,"column":120}},"loc":{"start":{"line":7,"column":133},"end":{"line":13,"column":1}}},"3":{"name":"(anonymous_4)","decl":{"start":{"line":15,"column":24},"end":{"line":15,"column":25}},"loc":{"start":{"line":15,"column":68},"end":{"line":17,"column":1}}},"4":{"name":"(anonymous_5)","decl":{"start":{"line":19,"column":29},"end":{"line":19,"column":30}},"loc":{"start":{"line":19,"column":96},"end":{"line":29,"column":1}}},"5":{"name":"(anonymous_6)","decl":{"start":{"line":23,"column":20},"end":{"line":23,"column":21}},"loc":{"start":{"line":23,"column":24},"end":{"line":25,"column":3}}}},"branchMap":{"0":{"loc":{"start":{"line":8,"column":2},"end":{"line":11,"column":null}},"type":"if","locations":[{"start":{"line":8,"column":2},"end":{"line":11,"column":null}},{"start":{"line":8,"column":2},"end":{"line":11,"column":null}}]},"1":{"loc":{"start":{"line":20,"column":2},"end":{"line":20,"column":36}},"type":"if","locations":[{"start":{"line":20,"column":2},"end":{"line":20,"column":36}},{"start":{"line":20,"column":2},"end":{"line":20,"column":36}}]}},"s":{"0":1,"1":1,"2":1,"3":1,"4":4,"5":1,"6":0,"7":0,"8":0,"9":0,"10":1,"11":1,"12":0,"13":1,"14":1,"15":0,"16":0,"17":0,"18":0,"19":0,"20":0,"21":0,"22":0,"23":0,"24":1},"f":{"0":4,"1":1,"2":0,"3":0,"4":0,"5":0},"b":{"0":[0,0],"1":[0,0]}}
,"D:\\VS Code project\\TYPESCRIPT\\shop-typescript\\moddlewares\\authorization.ts": {"path":"D:\\VS Code project\\TYPESCRIPT\\shop-typescript\\moddlewares\\authorization.ts","statementMap":{"0":{"start":{"line":1,"column":0},"end":{"line":1,"column":31}},"1":{"start":{"line":3,"column":0},"end":{"line":3,"column":34}},"2":{"start":{"line":5,"column":0},"end":{"line":18,"column":2}},"3":{"start":{"line":5,"column":67},"end":{"line":18,"column":2}},"4":{"start":{"line":7,"column":4},"end":{"line":7,"column":65}},"5":{"start":{"line":7,"column":36},"end":{"line":7,"column":65}},"6":{"start":{"line":8,"column":10},"end":{"line":8,"column":67}},"7":{"start":{"line":9,"column":12},"end":{"line":9,"column":22}},"8":{"start":{"line":10,"column":22},"end":{"line":10,"column":null}},"9":{"start":{"line":10,"column":10},"end":{"line":10,"column":null}},"10":{"start":{"line":12,"column":4},"end":{"line":12,"column":49}},"11":{"start":{"line":12,"column":20},"end":{"line":12,"column":49}},"12":{"start":{"line":14,"column":4},"end":{"line":14,"column":11}},"13":{"start":{"line":16,"column":4},"end":{"line":16,"column":43}}},"fnMap":{"0":{"name":"(anonymous_14)","decl":{"start":{"line":5,"column":17},"end":{"line":5,"column":24}},"loc":{"start":{"line":5,"column":67},"end":{"line":18,"column":2}}},"1":{"name":"(anonymous_15)","decl":{"start":{"line":5,"column":67},"end":{"line":5,"column":null}},"loc":{"start":{"line":5,"column":67},"end":{"line":18,"column":2}}}},"branchMap":{"0":{"loc":{"start":{"line":7,"column":4},"end":{"line":7,"column":65}},"type":"if","locations":[{"start":{"line":7,"column":4},"end":{"line":7,"column":65}},{"start":{"line":7,"column":4},"end":{"line":7,"column":65}}]},"1":{"loc":{"start":{"line":12,"column":4},"end":{"line":12,"column":49}},"type":"if","locations":[{"start":{"line":12,"column":4},"end":{"line":12,"column":49}},{"start":{"line":12,"column":4},"end":{"line":12,"column":49}}]}},"s":{"0":0,"1":0,"2":0,"3":0,"4":0,"5":0,"6":0,"7":0,"8":0,"9":0,"10":0,"11":0,"12":0,"13":0},"f":{"0":0,"1":0},"b":{"0":[0,0],"1":[0,0]}}
,"D:\\VS Code project\\TYPESCRIPT\\shop-typescript\\models\\User.ts": {"path":"D:\\VS Code project\\TYPESCRIPT\\shop-typescript\\models\\User.ts","statementMap":{"0":{"start":{"line":1,"column":0},"end":{"line":1,"column":41}},"1":{"start":{"line":4,"column":19},"end":{"line":43,"column":null}},"2":{"start":{"line":46,"column":0},"end":{"line":46,"column":59}}},"fnMap":{},"branchMap":{},"s":{"0":1,"1":1,"2":1},"f":{},"b":{}}
,"D:\\VS Code project\\TYPESCRIPT\\shop-typescript\\routes\\user.ts": {"path":"D:\\VS Code project\\TYPESCRIPT\\shop-typescript\\routes\\user.ts","statementMap":{"0":{"start":{"line":1,"column":0},"end":{"line":1,"column":30}},"1":{"start":{"line":2,"column":0},"end":{"line":2,"column":48}},"2":{"start":{"line":3,"column":0},"end":{"line":3,"column":57}},"3":{"start":{"line":4,"column":0},"end":{"line":4,"column":null}},"4":{"start":{"line":8,"column":15},"end":{"line":8,"column":31}},"5":{"start":{"line":10,"column":0},"end":{"line":10,"column":51}},"6":{"start":{"line":11,"column":0},"end":{"line":11,"column":45}},"7":{"start":{"line":12,"column":0},"end":{"line":12,"column":56}},"8":{"start":{"line":13,"column":0},"end":{"line":13,"column":59}},"9":{"start":{"line":15,"column":0},"end":{"line":15,"column":22}}},"fnMap":{},"branchMap":{},"s":{"0":1,"1":1,"2":1,"3":1,"4":1,"5":1,"6":1,"7":1,"8":1,"9":1},"f":{},"b":{}}
}
