{"D:\\VS Code project\\TYPESCRIPT\\shop-typescript\\app.ts": {"path":"D:\\VS Code project\\TYPESCRIPT\\shop-typescript\\app.ts","statementMap":{"0":{"start":{"line":1,"column":0},"end":{"line":1,"column":30}},"1":{"start":{"line":2,"column":0},"end":{"line":2,"column":24}},"2":{"start":{"line":3,"column":0},"end":{"line":3,"column":43}},"3":{"start":{"line":4,"column":0},"end":{"line":4,"column":41}},"4":{"start":{"line":5,"column":0},"end":{"line":5,"column":39}},"5":{"start":{"line":6,"column":0},"end":{"line":6,"column":58}},"6":{"start":{"line":7,"column":0},"end":{"line":7,"column":33}},"7":{"start":{"line":9,"column":13},"end":{"line":9,"column":29}},"8":{"start":{"line":10,"column":0},"end":{"line":10,"column":12}},"9":{"start":{"line":11,"column":0},"end":{"line":11,"column":16}},"10":{"start":{"line":12,"column":0},"end":{"line":12,"column":24}},"11":{"start":{"line":13,"column":0},"end":{"line":13,"column":32}},"12":{"start":{"line":14,"column":0},"end":{"line":14,"column":48}},"13":{"start":{"line":15,"column":0},"end":{"line":15,"column":20}},"14":{"start":{"line":16,"column":0},"end":{"line":16,"column":28}},"15":{"start":{"line":17,"column":0},"end":{"line":17,"column":72}},"16":{"start":{"line":18,"column":0},"end":{"line":20,"column":3}},"17":{"start":{"line":19,"column":2},"end":{"line":19,"column":54}}},"fnMap":{"0":{"name":"(anonymous_7)","decl":{"start":{"line":18,"column":13},"end":{"line":18,"column":14}},"loc":{"start":{"line":18,"column":31},"end":{"line":20,"column":1}}}},"branchMap":{},"s":{"0":1,"1":1,"2":1,"3":1,"4":1,"5":1,"6":1,"7":1,"8":1,"9":1,"10":1,"11":1,"12":1,"13":1,"14":1,"15":1,"16":1,"17":0},"f":{"0":0},"b":{}}
,"D:\\VS Code project\\TYPESCRIPT\\shop-typescript\\configs.ts": {"path":"D:\\VS Code project\\TYPESCRIPT\\shop-typescript\\configs.ts","statementMap":{"0":{"start":{"line":1,"column":13},"end":{"line":1,"column":42}},"1":{"start":{"line":2,"column":13},"end":{"line":2,"column":36}},"2":{"start":{"line":3,"column":13},"end":{"line":3,"column":45}},"3":{"start":{"line":4,"column":13},"end":{"line":4,"column":45}},"4":{"start":{"line":5,"column":13},"end":{"line":5,"column":52}},"5":{"start":{"line":6,"column":13},"end":{"line":6,"column":48}}},"fnMap":{},"branchMap":{},"s":{"0":1,"1":1,"2":1,"3":1,"4":1,"5":1},"f":{},"b":{}}
,"D:\\VS Code project\\TYPESCRIPT\\shop-typescript\\db.ts": {"path":"D:\\VS Code project\\TYPESCRIPT\\shop-typescript\\db.ts","statementMap":{"0":{"start":{"line":1,"column":0},"end":{"line":1,"column":28}},"1":{"start":{"line":2,"column":0},"end":{"line":2,"column":32}},"2":{"start":{"line":4,"column":0},"end":{"line":4,"column":16}},"3":{"start":{"line":7,"column":4},"end":{"line":7,"column":15}},"4":{"start":{"line":6,"column":10},"end":{"line":6,"column":12}},"5":{"start":{"line":6,"column":22},"end":{"line":6,"column":24}},"6":{"start":{"line":6,"column":38},"end":{"line":6,"column":40}},"7":{"start":{"line":6,"column":48},"end":{"line":6,"column":50}},"8":{"start":{"line":6,"column":63},"end":{"line":6,"column":null}},"9":{"start":{"line":8,"column":20},"end":{"line":10,"column":124}},"10":{"start":{"line":12,"column":16},"end":{"line":12,"column":67}},"11":{"start":{"line":13,"column":0},"end":{"line":13,"column":40}},"12":{"start":{"line":15,"column":25},"end":{"line":21,"column":1}},"13":{"start":{"line":16,"column":2},"end":{"line":20,"column":5}},"14":{"start":{"line":17,"column":4},"end":{"line":17,"column":40}},"15":{"start":{"line":19,"column":4},"end":{"line":19,"column":14}},"16":{"start":{"line":15,"column":13},"end":{"line":15,"column":25}}},"fnMap":{"0":{"name":"(anonymous_1)","decl":{"start":{"line":15,"column":25},"end":{"line":15,"column":null}},"loc":{"start":{"line":15,"column":25},"end":{"line":21,"column":1}}},"1":{"name":"(anonymous_2)","decl":{"start":{"line":16,"column":38},"end":{"line":16,"column":39}},"loc":{"start":{"line":16,"column":42},"end":{"line":18,"column":3}}},"2":{"name":"(anonymous_3)","decl":{"start":{"line":18,"column":11},"end":{"line":18,"column":12}},"loc":{"start":{"line":18,"column":15},"end":{"line":20,"column":3}}}},"branchMap":{"0":{"loc":{"start":{"line":9,"column":4},"end":{"line":9,"column":129}},"type":"cond-expr","locations":[{"start":{"line":9,"column":4},"end":{"line":9,"column":129}},{"start":{"line":10,"column":4},"end":{"line":10,"column":124}}]}},"s":{"0":1,"1":1,"2":1,"3":1,"4":1,"5":1,"6":1,"7":1,"8":1,"9":1,"10":1,"11":1,"12":1,"13":2,"14":2,"15":0,"16":1},"f":{"0":2,"1":2,"2":0},"b":{"0":[1,0]}}
,"D:\\VS Code project\\TYPESCRIPT\\shop-typescript\\index.ts": {"path":"D:\\VS Code project\\TYPESCRIPT\\shop-typescript\\index.ts","statementMap":{"0":{"start":{"line":1,"column":0},"end":{"line":1,"column":28}},"1":{"start":{"line":2,"column":0},"end":{"line":2,"column":28}},"2":{"start":{"line":3,"column":0},"end":{"line":3,"column":28}},"3":{"start":{"line":5,"column":0},"end":{"line":5,"column":16}},"4":{"start":{"line":7,"column":15},"end":{"line":7,"column":33}},"5":{"start":{"line":8,"column":0},"end":{"line":8,"column":47}},"6":{"start":{"line":10,"column":0},"end":{"line":10,"column":31}},"7":{"start":{"line":11,"column":0},"end":{"line":11,"column":33}},"8":{"start":{"line":12,"column":0},"end":{"line":12,"column":33}},"9":{"start":{"line":13,"column":29},"end":{"line":13,"column":53}},"10":{"start":{"line":15,"column":0},"end":{"line":17,"column":3}},"11":{"start":{"line":16,"column":2},"end":{"line":16,"column":46}}},"fnMap":{"0":{"name":"(anonymous_1)","decl":{"start":{"line":15,"column":17},"end":{"line":15,"column":null}},"loc":{"start":{"line":15,"column":17},"end":{"line":17,"column":1}}}},"branchMap":{"0":{"loc":{"start":{"line":13,"column":29},"end":{"line":13,"column":45}},"type":"binary-expr","locations":[{"start":{"line":13,"column":29},"end":{"line":13,"column":45}},{"start":{"line":13,"column":49},"end":{"line":13,"column":53}}]}},"s":{"0":0,"1":0,"2":0,"3":0,"4":0,"5":0,"6":0,"7":0,"8":0,"9":0,"10":0,"11":0},"f":{"0":0},"b":{"0":[0,0]}}
,"D:\\VS Code project\\TYPESCRIPT\\shop-typescript\\controllers\\user.ts": {"path":"D:\\VS Code project\\TYPESCRIPT\\shop-typescript\\controllers\\user.ts","statementMap":{"0":{"start":{"line":2,"column":0},"end":{"line":2,"column":28}},"1":{"start":{"line":3,"column":0},"end":{"line":3,"column":28}},"2":{"start":{"line":4,"column":0},"end":{"line":4,"column":31}},"3":{"start":{"line":5,"column":0},"end":{"line":5,"column":34}},"4":{"start":{"line":8,"column":0},"end":{"line":8,"column":16}},"5":{"start":{"line":10,"column":43},"end":{"line":10,"column":54}},"6":{"start":{"line":10,"column":12},"end":{"line":10,"column":14}},"7":{"start":{"line":10,"column":22},"end":{"line":10,"column":24}},"8":{"start":{"line":10,"column":38},"end":{"line":10,"column":43}},"9":{"start":{"line":12,"column":27},"end":{"line":15,"column":2}},"10":{"start":{"line":12,"column":61},"end":{"line":15,"column":2}},"11":{"start":{"line":13,"column":25},"end":{"line":13,"column":null}},"12":{"start":{"line":13,"column":8},"end":{"line":13,"column":null}},"13":{"start":{"line":14,"column":2},"end":{"line":14,"column":22}},"14":{"start":{"line":12,"column":13},"end":{"line":12,"column":27}},"15":{"start":{"line":16,"column":27},"end":{"line":23,"column":2}},"16":{"start":{"line":16,"column":61},"end":{"line":23,"column":2}},"17":{"start":{"line":17,"column":10},"end":{"line":17,"column":17}},"18":{"start":{"line":18,"column":29},"end":{"line":18,"column":null}},"19":{"start":{"line":18,"column":8},"end":{"line":18,"column":null}},"20":{"start":{"line":19,"column":2},"end":{"line":21,"column":null}},"21":{"start":{"line":20,"column":4},"end":{"line":20,"column":55}},"22":{"start":{"line":22,"column":2},"end":{"line":22,"column":33}},"23":{"start":{"line":16,"column":13},"end":{"line":16,"column":27}},"24":{"start":{"line":24,"column":24},"end":{"line":44,"column":2}},"25":{"start":{"line":24,"column":58},"end":{"line":44,"column":2}},"26":{"start":{"line":25,"column":8},"end":{"line":26,"column":null}},"27":{"start":{"line":29,"column":2},"end":{"line":29,"column":52}},"28":{"start":{"line":31,"column":2},"end":{"line":33,"column":null}},"29":{"start":{"line":32,"column":4},"end":{"line":32,"column":60}},"30":{"start":{"line":34,"column":35},"end":{"line":34,"column":null}},"31":{"start":{"line":34,"column":8},"end":{"line":34,"column":null}},"32":{"start":{"line":36,"column":2},"end":{"line":38,"column":null}},"33":{"start":{"line":37,"column":4},"end":{"line":37,"column":60}},"34":{"start":{"line":39,"column":22},"end":{"line":41,"column":null}},"35":{"start":{"line":39,"column":8},"end":{"line":41,"column":null}},"36":{"start":{"line":43,"column":2},"end":{"line":43,"column":82}},"37":{"start":{"line":24,"column":13},"end":{"line":24,"column":24}},"38":{"start":{"line":46,"column":21},"end":{"line":71,"column":2}},"39":{"start":{"line":46,"column":55},"end":{"line":71,"column":2}},"40":{"start":{"line":47,"column":8},"end":{"line":48,"column":null}},"41":{"start":{"line":51,"column":2},"end":{"line":51,"column":52}},"42":{"start":{"line":53,"column":29},"end":{"line":53,"column":null}},"43":{"start":{"line":53,"column":8},"end":{"line":53,"column":null}},"44":{"start":{"line":54,"column":2},"end":{"line":56,"column":null}},"45":{"start":{"line":55,"column":4},"end":{"line":55,"column":56}},"46":{"start":{"line":57,"column":8},"end":{"line":59,"column":5}},"47":{"start":{"line":61,"column":2},"end":{"line":63,"column":5}},"48":{"start":{"line":64,"column":2},"end":{"line":70,"column":5}},"49":{"start":{"line":46,"column":13},"end":{"line":46,"column":21}},"50":{"start":{"line":73,"column":26},"end":{"line":111,"column":2}},"51":{"start":{"line":73,"column":58},"end":{"line":111,"column":2}},"52":{"start":{"line":74,"column":10},"end":{"line":74,"column":17}},"53":{"start":{"line":75,"column":8},"end":{"line":83,"column":null}},"54":{"start":{"line":86,"column":2},"end":{"line":86,"column":52}},"55":{"start":{"line":88,"column":35},"end":{"line":88,"column":null}},"56":{"start":{"line":88,"column":8},"end":{"line":88,"column":null}},"57":{"start":{"line":90,"column":2},"end":{"line":92,"column":null}},"58":{"start":{"line":91,"column":4},"end":{"line":91,"column":56}},"59":{"start":{"line":94,"column":29},"end":{"line":105,"column":null}},"60":{"start":{"line":94,"column":8},"end":{"line":105,"column":null}},"61":{"start":{"line":107,"column":2},"end":{"line":110,"column":null}},"62":{"start":{"line":108,"column":4},"end":{"line":108,"column":30}},"63":{"start":{"line":109,"column":4},"end":{"line":109,"column":78}},"64":{"start":{"line":73,"column":13},"end":{"line":73,"column":26}},"65":{"start":{"line":113,"column":26},"end":{"line":122,"column":2}},"66":{"start":{"line":113,"column":58},"end":{"line":122,"column":2}},"67":{"start":{"line":114,"column":10},"end":{"line":114,"column":17}},"68":{"start":{"line":115,"column":2},"end":{"line":115,"column":52}},"69":{"start":{"line":117,"column":29},"end":{"line":117,"column":null}},"70":{"start":{"line":117,"column":8},"end":{"line":117,"column":null}},"71":{"start":{"line":118,"column":2},"end":{"line":120,"column":null}},"72":{"start":{"line":119,"column":4},"end":{"line":119,"column":63}},"73":{"start":{"line":121,"column":2},"end":{"line":121,"column":65}},"74":{"start":{"line":113,"column":13},"end":{"line":113,"column":26}}},"fnMap":{"0":{"name":"(anonymous_14)","decl":{"start":{"line":12,"column":27},"end":{"line":12,"column":34}},"loc":{"start":{"line":12,"column":61},"end":{"line":15,"column":2}}},"1":{"name":"(anonymous_15)","decl":{"start":{"line":12,"column":61},"end":{"line":12,"column":null}},"loc":{"start":{"line":12,"column":61},"end":{"line":15,"column":2}}},"2":{"name":"(anonymous_17)","decl":{"start":{"line":16,"column":27},"end":{"line":16,"column":34}},"loc":{"start":{"line":16,"column":61},"end":{"line":23,"column":2}}},"3":{"name":"(anonymous_18)","decl":{"start":{"line":16,"column":61},"end":{"line":16,"column":null}},"loc":{"start":{"line":16,"column":61},"end":{"line":23,"column":2}}},"4":{"name":"(anonymous_20)","decl":{"start":{"line":24,"column":24},"end":{"line":24,"column":31}},"loc":{"start":{"line":24,"column":58},"end":{"line":44,"column":2}}},"5":{"name":"(anonymous_21)","decl":{"start":{"line":24,"column":58},"end":{"line":24,"column":null}},"loc":{"start":{"line":24,"column":58},"end":{"line":44,"column":2}}},"6":{"name":"(anonymous_23)","decl":{"start":{"line":46,"column":21},"end":{"line":46,"column":28}},"loc":{"start":{"line":46,"column":55},"end":{"line":71,"column":2}}},"7":{"name":"(anonymous_24)","decl":{"start":{"line":46,"column":55},"end":{"line":46,"column":null}},"loc":{"start":{"line":46,"column":55},"end":{"line":71,"column":2}}},"8":{"name":"(anonymous_26)","decl":{"start":{"line":73,"column":26},"end":{"line":73,"column":33}},"loc":{"start":{"line":73,"column":58},"end":{"line":111,"column":2}}},"9":{"name":"(anonymous_27)","decl":{"start":{"line":73,"column":58},"end":{"line":73,"column":null}},"loc":{"start":{"line":73,"column":58},"end":{"line":111,"column":2}}},"10":{"name":"(anonymous_29)","decl":{"start":{"line":113,"column":26},"end":{"line":113,"column":33}},"loc":{"start":{"line":113,"column":58},"end":{"line":122,"column":2}}},"11":{"name":"(anonymous_30)","decl":{"start":{"line":113,"column":58},"end":{"line":113,"column":null}},"loc":{"start":{"line":113,"column":58},"end":{"line":122,"column":2}}}},"branchMap":{"0":{"loc":{"start":{"line":13,"column":25},"end":{"line":13,"column":null}},"type":"switch","locations":[{"start":{"line":13,"column":25},"end":{"line":13,"column":null}}]},"1":{"loc":{"start":{"line":19,"column":2},"end":{"line":21,"column":null}},"type":"if","locations":[{"start":{"line":19,"column":2},"end":{"line":21,"column":null}},{"start":{"line":19,"column":2},"end":{"line":21,"column":null}}]},"2":{"loc":{"start":{"line":31,"column":2},"end":{"line":33,"column":null}},"type":"if","locations":[{"start":{"line":31,"column":2},"end":{"line":33,"column":null}},{"start":{"line":31,"column":2},"end":{"line":33,"column":null}}]},"3":{"loc":{"start":{"line":31,"column":6},"end":{"line":31,"column":16}},"type":"binary-expr","locations":[{"start":{"line":31,"column":6},"end":{"line":31,"column":16}},{"start":{"line":31,"column":20},"end":{"line":31,"column":29}},{"start":{"line":31,"column":33},"end":{"line":31,"column":39}},{"start":{"line":31,"column":43},"end":{"line":31,"column":52}}]},"4":{"loc":{"start":{"line":36,"column":2},"end":{"line":38,"column":null}},"type":"if","locations":[{"start":{"line":36,"column":2},"end":{"line":38,"column":null}},{"start":{"line":36,"column":2},"end":{"line":38,"column":null}}]},"5":{"loc":{"start":{"line":54,"column":2},"end":{"line":56,"column":null}},"type":"if","locations":[{"start":{"line":54,"column":2},"end":{"line":56,"column":null}},{"start":{"line":54,"column":2},"end":{"line":56,"column":null}}]},"6":{"loc":{"start":{"line":90,"column":2},"end":{"line":92,"column":null}},"type":"if","locations":[{"start":{"line":90,"column":2},"end":{"line":92,"column":null}},{"start":{"line":90,"column":2},"end":{"line":92,"column":null}}]},"7":{"loc":{"start":{"line":107,"column":2},"end":{"line":110,"column":null}},"type":"if","locations":[{"start":{"line":107,"column":2},"end":{"line":110,"column":null}},{"start":{"line":107,"column":2},"end":{"line":110,"column":null}}]},"8":{"loc":{"start":{"line":118,"column":2},"end":{"line":120,"column":null}},"type":"if","locations":[{"start":{"line":118,"column":2},"end":{"line":120,"column":null}},{"start":{"line":118,"column":2},"end":{"line":120,"column":null}}]}},"s":{"0":1,"1":1,"2":1,"3":1,"4":1,"5":1,"6":1,"7":1,"8":1,"9":1,"10":0,"11":0,"12":0,"13":0,"14":1,"15":1,"16":0,"17":0,"18":0,"19":0,"20":0,"21":0,"22":0,"23":1,"24":1,"25":6,"26":6,"27":6,"28":6,"29":4,"30":6,"31":6,"32":6,"33":4,"34":3,"35":3,"36":2,"37":1,"38":1,"39":2,"40":2,"41":2,"42":2,"43":2,"44":2,"45":1,"46":2,"47":1,"48":1,"49":1,"50":1,"51":2,"52":2,"53":2,"54":2,"55":2,"56":2,"57":2,"58":1,"59":2,"60":2,"61":2,"62":1,"63":1,"64":1,"65":1,"66":2,"67":2,"68":2,"69":2,"70":2,"71":2,"72":1,"73":1,"74":1},"f":{"0":0,"1":0,"2":0,"3":0,"4":6,"5":6,"6":2,"7":2,"8":2,"9":2,"10":2,"11":2},"b":{"0":[0],"1":[0,0],"2":[4,2],"3":[6,5,4,3],"4":[4,2],"5":[1,1],"6":[1,1],"7":[1,1],"8":[1,1]}}
,"D:\\VS Code project\\TYPESCRIPT\\shop-typescript\\dist\\app.d.ts": {"path":"D:\\VS Code project\\TYPESCRIPT\\shop-typescript\\dist\\app.d.ts","statementMap":{},"fnMap":{},"branchMap":{},"s":{},"f":{},"b":{},"inputSourceMap":null}
,"D:\\VS Code project\\TYPESCRIPT\\shop-typescript\\dist\\configs.d.ts": {"path":"D:\\VS Code project\\TYPESCRIPT\\shop-typescript\\dist\\configs.d.ts","statementMap":{},"fnMap":{},"branchMap":{},"s":{},"f":{},"b":{},"inputSourceMap":null}
,"D:\\VS Code project\\TYPESCRIPT\\shop-typescript\\dist\\db.d.ts": {"path":"D:\\VS Code project\\TYPESCRIPT\\shop-typescript\\dist\\db.d.ts","statementMap":{},"fnMap":{},"branchMap":{},"s":{},"f":{},"b":{},"inputSourceMap":null}
,"D:\\VS Code project\\TYPESCRIPT\\shop-typescript\\dist\\index.d.ts": {"path":"D:\\VS Code project\\TYPESCRIPT\\shop-typescript\\dist\\index.d.ts","statementMap":{},"fnMap":{},"branchMap":{},"s":{},"f":{},"b":{},"inputSourceMap":null}
,"D:\\VS Code project\\TYPESCRIPT\\shop-typescript\\dist\\controllers\\user.controller.test.d.ts": {"path":"D:\\VS Code project\\TYPESCRIPT\\shop-typescript\\dist\\controllers\\user.controller.test.d.ts","statementMap":{},"fnMap":{},"branchMap":{},"s":{},"f":{},"b":{},"inputSourceMap":null}
,"D:\\VS Code project\\TYPESCRIPT\\shop-typescript\\dist\\controllers\\user.d.ts": {"path":"D:\\VS Code project\\TYPESCRIPT\\shop-typescript\\dist\\controllers\\user.d.ts","statementMap":{},"fnMap":{},"branchMap":{},"s":{},"f":{},"b":{},"inputSourceMap":null}
,"D:\\VS Code project\\TYPESCRIPT\\shop-typescript\\dist\\handlers\\error.d.ts": {"path":"D:\\VS Code project\\TYPESCRIPT\\shop-typescript\\dist\\handlers\\error.d.ts","statementMap":{},"fnMap":{},"branchMap":{},"s":{},"f":{},"b":{},"inputSourceMap":null}
,"D:\\VS Code project\\TYPESCRIPT\\shop-typescript\\dist\\moddlewares\\authorization.d.ts": {"path":"D:\\VS Code project\\TYPESCRIPT\\shop-typescript\\dist\\moddlewares\\authorization.d.ts","statementMap":{},"fnMap":{},"branchMap":{},"s":{},"f":{},"b":{},"inputSourceMap":null}
,"D:\\VS Code project\\TYPESCRIPT\\shop-typescript\\dist\\models\\User.d.ts": {"path":"D:\\VS Code project\\TYPESCRIPT\\shop-typescript\\dist\\models\\User.d.ts","statementMap":{},"fnMap":{},"branchMap":{},"s":{},"f":{},"b":{},"inputSourceMap":null}
,"D:\\VS Code project\\TYPESCRIPT\\shop-typescript\\dist\\routes\\user.d.ts": {"path":"D:\\VS Code project\\TYPESCRIPT\\shop-typescript\\dist\\routes\\user.d.ts","statementMap":{},"fnMap":{},"branchMap":{},"s":{},"f":{},"b":{},"inputSourceMap":null}
,"D:\\VS Code project\\TYPESCRIPT\\shop-typescript\\dist\\types\\user.d.ts": {"path":"D:\\VS Code project\\TYPESCRIPT\\shop-typescript\\dist\\types\\user.d.ts","statementMap":{},"fnMap":{},"branchMap":{},"s":{},"f":{},"b":{},"inputSourceMap":null}
,"D:\\VS Code project\\TYPESCRIPT\\shop-typescript\\handlers\\error.ts": {"path":"D:\\VS Code project\\TYPESCRIPT\\shop-typescript\\handlers\\error.ts","statementMap":{"0":{"start":{"line":2,"column":0},"end":{"line":2,"column":28}},"1":{"start":{"line":4,"column":15},"end":{"line":4,"column":33}},"2":{"start":{"line":5,"column":0},"end":{"line":5,"column":47}},"3":{"start":{"line":7,"column":27},"end":{"line":7,"column":46}},"4":{"start":{"line":7,"column":45},"end":{"line":13,"column":3}},"5":{"start":{"line":7,"column":94},"end":{"line":13,"column":3}},"6":{"start":{"line":8,"column":2},"end":{"line":11,"column":null}},"7":{"start":{"line":9,"column":4},"end":{"line":9,"column":24}},"8":{"start":{"line":10,"column":4},"end":{"line":10,"column":45}},"9":{"start":{"line":12,"column":2},"end":{"line":12,"column":14}},"10":{"start":{"line":7,"column":13},"end":{"line":7,"column":27}},"11":{"start":{"line":15,"column":24},"end":{"line":17,"column":1}},"12":{"start":{"line":16,"column":2},"end":{"line":16,"column":55}},"13":{"start":{"line":15,"column":13},"end":{"line":15,"column":24}},"14":{"start":{"line":19,"column":29},"end":{"line":29,"column":1}},"15":{"start":{"line":20,"column":2},"end":{"line":20,"column":36}},"16":{"start":{"line":20,"column":19},"end":{"line":20,"column":36}},"17":{"start":{"line":21,"column":20},"end":{"line":21,"column":43}},"18":{"start":{"line":22,"column":16},"end":{"line":22,"column":18}},"19":{"start":{"line":23,"column":2},"end":{"line":25,"column":5}},"20":{"start":{"line":24,"column":4},"end":{"line":24,"column":44}},"21":{"start":{"line":26,"column":2},"end":{"line":26,"column":50}},"22":{"start":{"line":27,"column":2},"end":{"line":27,"column":24}},"23":{"start":{"line":28,"column":2},"end":{"line":28,"column":36}},"24":{"start":{"line":19,"column":13},"end":{"line":19,"column":29}}},"fnMap":{"0":{"name":"(anonymous_1)","decl":{"start":{"line":7,"column":27},"end":{"line":7,"column":28}},"loc":{"start":{"line":7,"column":40},"end":{"line":7,"column":46}}},"1":{"name":"(anonymous_2)","decl":{"start":{"line":7,"column":45},"end":{"line":7,"column":46}},"loc":{"start":{"line":7,"column":89},"end":{"line":7,"column":96}}},"2":{"name":"(anonymous_3)","decl":{"start":{"line":7,"column":119},"end":{"line":7,"column":120}},"loc":{"start":{"line":7,"column":133},"end":{"line":13,"column":1}}},"3":{"name":"(anonymous_4)","decl":{"start":{"line":15,"column":24},"end":{"line":15,"column":25}},"loc":{"start":{"line":15,"column":68},"end":{"line":17,"column":1}}},"4":{"name":"(anonymous_5)","decl":{"start":{"line":19,"column":29},"end":{"line":19,"column":30}},"loc":{"start":{"line":19,"column":96},"end":{"line":29,"column":1}}},"5":{"name":"(anonymous_6)","decl":{"start":{"line":23,"column":20},"end":{"line":23,"column":21}},"loc":{"start":{"line":23,"column":24},"end":{"line":25,"column":3}}}},"branchMap":{"0":{"loc":{"start":{"line":8,"column":2},"end":{"line":11,"column":null}},"type":"if","locations":[{"start":{"line":8,"column":2},"end":{"line":11,"column":null}},{"start":{"line":8,"column":2},"end":{"line":11,"column":null}}]},"1":{"loc":{"start":{"line":20,"column":2},"end":{"line":20,"column":36}},"type":"if","locations":[{"start":{"line":20,"column":2},"end":{"line":20,"column":36}},{"start":{"line":20,"column":2},"end":{"line":20,"column":36}}]}},"s":{"0":1,"1":1,"2":1,"3":1,"4":6,"5":12,"6":6,"7":0,"8":0,"9":6,"10":1,"11":1,"12":0,"13":1,"14":1,"15":0,"16":0,"17":0,"18":0,"19":0,"20":0,"21":0,"22":0,"23":0,"24":1},"f":{"0":6,"1":12,"2":6,"3":0,"4":0,"5":0},"b":{"0":[0,6],"1":[0,0]}}
,"D:\\VS Code project\\TYPESCRIPT\\shop-typescript\\moddlewares\\authorization.ts": {"path":"D:\\VS Code project\\TYPESCRIPT\\shop-typescript\\moddlewares\\authorization.ts","statementMap":{"0":{"start":{"line":1,"column":0},"end":{"line":1,"column":31}},"1":{"start":{"line":3,"column":0},"end":{"line":3,"column":34}},"2":{"start":{"line":5,"column":0},"end":{"line":18,"column":2}},"3":{"start":{"line":5,"column":67},"end":{"line":18,"column":2}},"4":{"start":{"line":7,"column":4},"end":{"line":7,"column":65}},"5":{"start":{"line":7,"column":36},"end":{"line":7,"column":65}},"6":{"start":{"line":8,"column":10},"end":{"line":8,"column":67}},"7":{"start":{"line":9,"column":12},"end":{"line":9,"column":22}},"8":{"start":{"line":10,"column":22},"end":{"line":10,"column":null}},"9":{"start":{"line":10,"column":10},"end":{"line":10,"column":null}},"10":{"start":{"line":12,"column":4},"end":{"line":12,"column":49}},"11":{"start":{"line":12,"column":20},"end":{"line":12,"column":49}},"12":{"start":{"line":14,"column":4},"end":{"line":14,"column":11}},"13":{"start":{"line":16,"column":4},"end":{"line":16,"column":43}}},"fnMap":{"0":{"name":"(anonymous_14)","decl":{"start":{"line":5,"column":17},"end":{"line":5,"column":24}},"loc":{"start":{"line":5,"column":67},"end":{"line":18,"column":2}}},"1":{"name":"(anonymous_15)","decl":{"start":{"line":5,"column":67},"end":{"line":5,"column":null}},"loc":{"start":{"line":5,"column":67},"end":{"line":18,"column":2}}}},"branchMap":{"0":{"loc":{"start":{"line":7,"column":4},"end":{"line":7,"column":65}},"type":"if","locations":[{"start":{"line":7,"column":4},"end":{"line":7,"column":65}},{"start":{"line":7,"column":4},"end":{"line":7,"column":65}}]},"1":{"loc":{"start":{"line":12,"column":4},"end":{"line":12,"column":49}},"type":"if","locations":[{"start":{"line":12,"column":4},"end":{"line":12,"column":49}},{"start":{"line":12,"column":4},"end":{"line":12,"column":49}}]}},"s":{"0":0,"1":0,"2":0,"3":0,"4":0,"5":0,"6":0,"7":0,"8":0,"9":0,"10":0,"11":0,"12":0,"13":0},"f":{"0":0,"1":0},"b":{"0":[0,0],"1":[0,0]}}
,"D:\\VS Code project\\TYPESCRIPT\\shop-typescript\\models\\User.ts": {"path":"D:\\VS Code project\\TYPESCRIPT\\shop-typescript\\models\\User.ts","statementMap":{"0":{"start":{"line":1,"column":0},"end":{"line":1,"column":41}},"1":{"start":{"line":4,"column":19},"end":{"line":43,"column":null}},"2":{"start":{"line":46,"column":0},"end":{"line":46,"column":61}}},"fnMap":{},"branchMap":{},"s":{"0":1,"1":1,"2":1},"f":{},"b":{}}
,"D:\\VS Code project\\TYPESCRIPT\\shop-typescript\\routes\\user.ts": {"path":"D:\\VS Code project\\TYPESCRIPT\\shop-typescript\\routes\\user.ts","statementMap":{"0":{"start":{"line":1,"column":0},"end":{"line":1,"column":30}},"1":{"start":{"line":2,"column":0},"end":{"line":2,"column":48}},"2":{"start":{"line":3,"column":0},"end":{"line":3,"column":null}},"3":{"start":{"line":12,"column":0},"end":{"line":12,"column":null}},"4":{"start":{"line":16,"column":15},"end":{"line":16,"column":31}},"5":{"start":{"line":18,"column":0},"end":{"line":18,"column":51}},"6":{"start":{"line":19,"column":0},"end":{"line":19,"column":45}},"7":{"start":{"line":20,"column":0},"end":{"line":20,"column":55}},"8":{"start":{"line":21,"column":0},"end":{"line":21,"column":58}},"9":{"start":{"line":22,"column":0},"end":{"line":22,"column":59}},"10":{"start":{"line":23,"column":0},"end":{"line":23,"column":58}},"11":{"start":{"line":25,"column":0},"end":{"line":25,"column":22}}},"fnMap":{},"branchMap":{},"s":{"0":1,"1":1,"2":1,"3":1,"4":1,"5":1,"6":1,"7":1,"8":1,"9":1,"10":1,"11":1},"f":{},"b":{}}
}
