TN:
SF:app.ts
FN:18,(anonymous_7)
FNF:1
FNH:0
FNDA:0,(anonymous_7)
DA:1,1
DA:2,1
DA:3,1
DA:4,1
DA:5,1
DA:6,1
DA:7,1
DA:9,1
DA:10,1
DA:11,1
DA:12,1
DA:13,1
DA:14,1
DA:15,1
DA:16,1
DA:17,1
DA:18,1
DA:19,0
LF:18
LH:17
BRF:0
BRH:0
end_of_record
TN:
SF:configs.ts
FNF:0
FNH:0
DA:1,1
DA:2,1
DA:3,1
DA:4,1
DA:5,1
DA:6,1
LF:6
LH:6
BRF:0
BRH:0
end_of_record
TN:
SF:db.ts
FN:15,(anonymous_1)
FN:16,(anonymous_2)
FN:18,(anonymous_3)
FNF:3
FNH:2
FNDA:2,(anonymous_1)
FNDA:2,(anonymous_2)
FNDA:0,(anonymous_3)
DA:1,1
DA:2,1
DA:4,1
DA:6,1
DA:7,1
DA:8,1
DA:12,1
DA:13,1
DA:15,1
DA:16,2
DA:17,2
DA:19,0
LF:12
LH:11
BRDA:9,0,0,1
BRDA:9,0,1,0
BRF:2
BRH:1
end_of_record
TN:
SF:index.ts
FN:15,(anonymous_1)
FNF:1
FNH:0
FNDA:0,(anonymous_1)
DA:1,0
DA:2,0
DA:3,0
DA:5,0
DA:7,0
DA:8,0
DA:10,0
DA:11,0
DA:12,0
DA:13,0
DA:15,0
DA:16,0
LF:12
LH:0
BRDA:13,0,0,0
BRDA:13,0,1,0
BRF:2
BRH:0
end_of_record
TN:
SF:controllers\user.ts
FN:12,(anonymous_14)
FN:12,(anonymous_15)
FN:16,(anonymous_17)
FN:16,(anonymous_18)
FN:24,(anonymous_20)
FN:24,(anonymous_21)
FN:46,(anonymous_23)
FN:46,(anonymous_24)
FN:73,(anonymous_26)
FN:73,(anonymous_27)
FN:113,(anonymous_29)
FN:113,(anonymous_30)
FNF:12
FNH:8
FNDA:0,(anonymous_14)
FNDA:0,(anonymous_15)
FNDA:0,(anonymous_17)
FNDA:0,(anonymous_18)
FNDA:6,(anonymous_20)
FNDA:6,(anonymous_21)
FNDA:2,(anonymous_23)
FNDA:2,(anonymous_24)
FNDA:2,(anonymous_26)
FNDA:2,(anonymous_27)
FNDA:2,(anonymous_29)
FNDA:2,(anonymous_30)
DA:2,1
DA:3,1
DA:4,1
DA:5,1
DA:8,1
DA:10,1
DA:12,1
DA:13,0
DA:14,0
DA:16,1
DA:17,0
DA:18,0
DA:19,0
DA:20,0
DA:22,0
DA:24,6
DA:25,6
DA:29,6
DA:31,6
DA:32,4
DA:34,6
DA:36,6
DA:37,4
DA:39,3
DA:43,2
DA:46,2
DA:47,2
DA:51,2
DA:53,2
DA:54,2
DA:55,1
DA:57,2
DA:61,1
DA:64,1
DA:73,2
DA:74,2
DA:75,2
DA:86,2
DA:88,2
DA:90,2
DA:91,1
DA:94,2
DA:107,2
DA:108,1
DA:109,1
DA:113,2
DA:114,2
DA:115,2
DA:117,2
DA:118,2
DA:119,1
DA:121,1
LF:52
LH:45
BRDA:13,0,0,0
BRDA:19,1,0,0
BRDA:19,1,1,0
BRDA:31,2,0,4
BRDA:31,2,1,2
BRDA:31,3,0,6
BRDA:31,3,1,5
BRDA:31,3,2,4
BRDA:31,3,3,3
BRDA:36,4,0,4
BRDA:36,4,1,2
BRDA:54,5,0,1
BRDA:54,5,1,1
BRDA:90,6,0,1
BRDA:90,6,1,1
BRDA:107,7,0,1
BRDA:107,7,1,1
BRDA:118,8,0,1
BRDA:118,8,1,1
BRF:19
BRH:16
end_of_record
TN:
SF:dist\app.d.ts
FNF:0
FNH:0
LF:0
LH:0
BRF:0
BRH:0
end_of_record
TN:
SF:dist\configs.d.ts
FNF:0
FNH:0
LF:0
LH:0
BRF:0
BRH:0
end_of_record
TN:
SF:dist\db.d.ts
FNF:0
FNH:0
LF:0
LH:0
BRF:0
BRH:0
end_of_record
TN:
SF:dist\index.d.ts
FNF:0
FNH:0
LF:0
LH:0
BRF:0
BRH:0
end_of_record
TN:
SF:dist\controllers\user.controller.test.d.ts
FNF:0
FNH:0
LF:0
LH:0
BRF:0
BRH:0
end_of_record
TN:
SF:dist\controllers\user.d.ts
FNF:0
FNH:0
LF:0
LH:0
BRF:0
BRH:0
end_of_record
TN:
SF:dist\handlers\error.d.ts
FNF:0
FNH:0
LF:0
LH:0
BRF:0
BRH:0
end_of_record
TN:
SF:dist\moddlewares\authorization.d.ts
FNF:0
FNH:0
LF:0
LH:0
BRF:0
BRH:0
end_of_record
TN:
SF:dist\models\User.d.ts
FNF:0
FNH:0
LF:0
LH:0
BRF:0
BRH:0
end_of_record
TN:
SF:dist\routes\user.d.ts
FNF:0
FNH:0
LF:0
LH:0
BRF:0
BRH:0
end_of_record
TN:
SF:dist\types\user.d.ts
FNF:0
FNH:0
LF:0
LH:0
BRF:0
BRH:0
end_of_record
TN:
SF:handlers\error.ts
FN:7,(anonymous_1)
FN:7,(anonymous_2)
FN:7,(anonymous_3)
FN:15,(anonymous_4)
FN:19,(anonymous_5)
FN:23,(anonymous_6)
FNF:6
FNH:3
FNDA:6,(anonymous_1)
FNDA:12,(anonymous_2)
FNDA:6,(anonymous_3)
FNDA:0,(anonymous_4)
FNDA:0,(anonymous_5)
FNDA:0,(anonymous_6)
DA:2,1
DA:4,1
DA:5,1
DA:7,12
DA:8,6
DA:9,0
DA:10,0
DA:12,6
DA:15,1
DA:16,0
DA:19,1
DA:20,0
DA:21,0
DA:22,0
DA:23,0
DA:24,0
DA:26,0
DA:27,0
DA:28,0
LF:19
LH:8
BRDA:8,0,0,0
BRDA:8,0,1,6
BRDA:20,1,0,0
BRDA:20,1,1,0
BRF:4
BRH:1
end_of_record
TN:
SF:moddlewares\authorization.ts
FN:5,(anonymous_14)
FN:5,(anonymous_15)
FNF:2
FNH:0
FNDA:0,(anonymous_14)
FNDA:0,(anonymous_15)
DA:1,0
DA:3,0
DA:5,0
DA:7,0
DA:8,0
DA:9,0
DA:10,0
DA:12,0
DA:14,0
DA:16,0
LF:10
LH:0
BRDA:7,0,0,0
BRDA:7,0,1,0
BRDA:12,1,0,0
BRDA:12,1,1,0
BRF:4
BRH:0
end_of_record
TN:
SF:models\User.ts
FNF:0
FNH:0
DA:1,1
DA:4,1
DA:46,1
LF:3
LH:3
BRF:0
BRH:0
end_of_record
TN:
SF:routes\user.ts
FNF:0
FNH:0
DA:1,1
DA:2,1
DA:3,1
DA:12,1
DA:16,1
DA:18,1
DA:19,1
DA:20,1
DA:21,1
DA:22,1
DA:23,1
DA:25,1
LF:12
LH:12
BRF:0
BRH:0
end_of_record
